--------------------------------------------------------------------------------
Release 14.7 Trace  (nt)
Copyright (c) 1995-2013 Xilinx, Inc.  All rights reserved.

D:\Xilinx\14.7\ISE_DS\ISE\bin\nt\unwrapped\trce.exe -intstyle ise -v 3 -s 5 -n
3 -fastpaths -xml ALU.twx ALU.ncd -o ALU.twr ALU.pcf

Design file:              ALU.ncd
Physical constraint file: ALU.pcf
Device,package,speed:     xc3s5000,fg900,-5 (PRODUCTION 1.39 2013-10-13)
Report level:             verbose report

Environment Variable      Effect 
--------------------      ------ 
NONE                      No environment variables were set
--------------------------------------------------------------------------------

INFO:Timing:2698 - No timing constraints found, doing default enumeration.
INFO:Timing:3412 - To improve timing, see the Timing Closure User Guide (UG612).
INFO:Timing:2752 - To get complete path coverage, use the unconstrained paths 
   option. All paths that are not constrained will be reported in the 
   unconstrained paths section(s) of the report.
INFO:Timing:3339 - The clock-to-out numbers in this timing report are based on 
   a 50 Ohm transmission line loading model.  For the details of this model, 
   and for more information on accounting for different loading conditions, 
   please see the device datasheet.
INFO:Timing:3390 - This architecture does not support a default System Jitter 
   value, please add SYSTEM_JITTER constraint to the UCF to modify the Clock 
   Uncertainty calculation.
INFO:Timing:3389 - This architecture does not support 'Discrete Jitter' and 
   'Phase Error' calculations, these terms will be zero in the Clock 
   Uncertainty calculation.  Please make appropriate modification to 
   SYSTEM_JITTER to account for the unsupported Discrete Jitter and Phase 
   Error.



Data Sheet report:
-----------------
All values displayed in nanoseconds (ns)

Setup/Hold to clock clk
------------+------------+------------+------------------+--------+
            |Max Setup to|Max Hold to |                  | Clock  |
Source      | clk (edge) | clk (edge) |Internal Clock(s) | Phase  |
------------+------------+------------+------------------+--------+
icode<0>    |   10.148(R)|    0.465(R)|clk_BUFGP         |   0.000|
icode<1>    |    8.940(R)|    0.295(R)|clk_BUFGP         |   0.000|
icode<2>    |   10.202(R)|    0.052(R)|clk_BUFGP         |   0.000|
icode<3>    |   10.647(R)|    0.170(R)|clk_BUFGP         |   0.000|
ifun<0>     |    2.351(R)|   -0.514(R)|clk_BUFGP         |   0.000|
ifun<1>     |    0.349(R)|    0.877(R)|clk_BUFGP         |   0.000|
ifun<2>     |    2.490(R)|   -0.418(R)|clk_BUFGP         |   0.000|
valA<0>     |    0.604(R)|    0.682(R)|clk_BUFGP         |   0.000|
valA<1>     |    0.491(R)|    0.773(R)|clk_BUFGP         |   0.000|
valA<2>     |    0.969(R)|    0.388(R)|clk_BUFGP         |   0.000|
valA<3>     |    1.043(R)|    0.332(R)|clk_BUFGP         |   0.000|
valA<4>     |    1.175(R)|    0.249(R)|clk_BUFGP         |   0.000|
valA<5>     |    0.245(R)|    0.993(R)|clk_BUFGP         |   0.000|
valA<6>     |   -0.334(R)|    1.434(R)|clk_BUFGP         |   0.000|
valA<7>     |    1.299(R)|    0.128(R)|clk_BUFGP         |   0.000|
valA<8>     |   -0.087(R)|    1.234(R)|clk_BUFGP         |   0.000|
valA<9>     |   -0.331(R)|    1.429(R)|clk_BUFGP         |   0.000|
valA<10>    |   -0.175(R)|    1.330(R)|clk_BUFGP         |   0.000|
valA<11>    |   -0.351(R)|    1.471(R)|clk_BUFGP         |   0.000|
valA<12>    |    0.753(R)|    0.569(R)|clk_BUFGP         |   0.000|
valA<13>    |   -0.342(R)|    1.445(R)|clk_BUFGP         |   0.000|
valA<14>    |    0.243(R)|    0.987(R)|clk_BUFGP         |   0.000|
valA<15>    |   -0.380(R)|    1.486(R)|clk_BUFGP         |   0.000|
valA<16>    |    0.456(R)|    0.811(R)|clk_BUFGP         |   0.000|
valA<17>    |    0.670(R)|    0.640(R)|clk_BUFGP         |   0.000|
valA<18>    |   -0.138(R)|    1.202(R)|clk_BUFGP         |   0.000|
valA<19>    |    0.879(R)|    0.389(R)|clk_BUFGP         |   0.000|
valA<20>    |   -0.092(R)|    1.166(R)|clk_BUFGP         |   0.000|
valA<21>    |    0.412(R)|    0.763(R)|clk_BUFGP         |   0.000|
valA<22>    |   -0.215(R)|    1.331(R)|clk_BUFGP         |   0.000|
valA<23>    |   -0.320(R)|    1.415(R)|clk_BUFGP         |   0.000|
valA<24>    |    0.195(R)|    0.919(R)|clk_BUFGP         |   0.000|
valA<25>    |    0.187(R)|    0.926(R)|clk_BUFGP         |   0.000|
valA<26>    |    0.468(R)|    0.692(R)|clk_BUFGP         |   0.000|
valA<27>    |    0.699(R)|    0.508(R)|clk_BUFGP         |   0.000|
valA<28>    |    0.369(R)|    0.763(R)|clk_BUFGP         |   0.000|
valA<29>    |    1.485(R)|   -0.130(R)|clk_BUFGP         |   0.000|
valA<30>    |    0.108(R)|    1.054(R)|clk_BUFGP         |   0.000|
valA<31>    |    0.214(R)|    0.970(R)|clk_BUFGP         |   0.000|
valA<32>    |    0.632(R)|    0.546(R)|clk_BUFGP         |   0.000|
valA<33>    |    1.737(R)|   -0.338(R)|clk_BUFGP         |   0.000|
valA<34>    |    0.850(R)|    0.406(R)|clk_BUFGP         |   0.000|
valA<35>    |    0.459(R)|    0.719(R)|clk_BUFGP         |   0.000|
valA<36>    |    1.153(R)|    0.155(R)|clk_BUFGP         |   0.000|
valA<37>    |    1.535(R)|   -0.150(R)|clk_BUFGP         |   0.000|
valA<38>    |    0.421(R)|    0.749(R)|clk_BUFGP         |   0.000|
valA<39>    |    1.583(R)|   -0.181(R)|clk_BUFGP         |   0.000|
valA<40>    |    1.475(R)|   -0.082(R)|clk_BUFGP         |   0.000|
valA<41>    |    0.757(R)|    0.493(R)|clk_BUFGP         |   0.000|
valA<42>    |    0.822(R)|    0.435(R)|clk_BUFGP         |   0.000|
valA<43>    |    1.376(R)|   -0.008(R)|clk_BUFGP         |   0.000|
valA<44>    |    1.834(R)|   -0.391(R)|clk_BUFGP         |   0.000|
valA<45>    |    1.312(R)|    0.026(R)|clk_BUFGP         |   0.000|
valA<46>    |    0.701(R)|    0.579(R)|clk_BUFGP         |   0.000|
valA<47>    |    0.967(R)|    0.366(R)|clk_BUFGP         |   0.000|
valA<48>    |    1.138(R)|    0.204(R)|clk_BUFGP         |   0.000|
valA<49>    |    1.093(R)|    0.240(R)|clk_BUFGP         |   0.000|
valA<50>    |    1.628(R)|   -0.191(R)|clk_BUFGP         |   0.000|
valA<51>    |    1.507(R)|   -0.094(R)|clk_BUFGP         |   0.000|
valA<52>    |    1.708(R)|   -0.252(R)|clk_BUFGP         |   0.000|
valA<53>    |    0.723(R)|    0.536(R)|clk_BUFGP         |   0.000|
valA<54>    |    2.471(R)|   -0.842(R)|clk_BUFGP         |   0.000|
valA<55>    |    2.872(R)|   -1.163(R)|clk_BUFGP         |   0.000|
valA<56>    |    0.709(R)|    0.597(R)|clk_BUFGP         |   0.000|
valA<57>    |    0.665(R)|    0.633(R)|clk_BUFGP         |   0.000|
valA<58>    |    0.915(R)|    0.444(R)|clk_BUFGP         |   0.000|
valA<59>    |    1.194(R)|    0.220(R)|clk_BUFGP         |   0.000|
valA<60>    |    1.571(R)|   -0.076(R)|clk_BUFGP         |   0.000|
valA<61>    |    0.855(R)|    0.497(R)|clk_BUFGP         |   0.000|
valA<62>    |    1.493(R)|   -0.030(R)|clk_BUFGP         |   0.000|
valA<63>    |    1.518(R)|   -0.049(R)|clk_BUFGP         |   0.000|
valB<0>     |    2.513(R)|   -0.827(R)|clk_BUFGP         |   0.000|
valB<1>     |    2.260(R)|   -0.624(R)|clk_BUFGP         |   0.000|
valB<2>     |    3.767(R)|   -1.858(R)|clk_BUFGP         |   0.000|
valB<3>     |    3.911(R)|   -1.973(R)|clk_BUFGP         |   0.000|
valB<4>     |    3.553(R)|   -1.692(R)|clk_BUFGP         |   0.000|
valB<5>     |    4.262(R)|   -2.259(R)|clk_BUFGP         |   0.000|
valB<6>     |    3.601(R)|   -1.735(R)|clk_BUFGP         |   0.000|
valB<7>     |    3.959(R)|   -2.021(R)|clk_BUFGP         |   0.000|
valB<8>     |    3.825(R)|   -1.890(R)|clk_BUFGP         |   0.000|
valB<9>     |    3.776(R)|   -1.851(R)|clk_BUFGP         |   0.000|
valB<10>    |    3.276(R)|   -1.440(R)|clk_BUFGP         |   0.000|
valB<11>    |    2.909(R)|   -1.146(R)|clk_BUFGP         |   0.000|
valB<12>    |    2.952(R)|   -1.182(R)|clk_BUFGP         |   0.000|
valB<13>    |    2.568(R)|   -0.875(R)|clk_BUFGP         |   0.000|
valB<14>    |    2.053(R)|   -0.461(R)|clk_BUFGP         |   0.000|
valB<15>    |    3.321(R)|   -1.475(R)|clk_BUFGP         |   0.000|
valB<16>    |    3.472(R)|   -1.607(R)|clk_BUFGP         |   0.000|
valB<17>    |    2.853(R)|   -1.111(R)|clk_BUFGP         |   0.000|
valB<18>    |    3.221(R)|   -1.412(R)|clk_BUFGP         |   0.000|
valB<19>    |    3.237(R)|   -1.424(R)|clk_BUFGP         |   0.000|
valB<20>    |    2.469(R)|   -0.798(R)|clk_BUFGP         |   0.000|
valB<21>    |    1.680(R)|   -0.166(R)|clk_BUFGP         |   0.000|
valB<22>    |    1.930(R)|   -0.366(R)|clk_BUFGP         |   0.000|
valB<23>    |    1.844(R)|   -0.298(R)|clk_BUFGP         |   0.000|
valB<24>    |    3.785(R)|   -1.879(R)|clk_BUFGP         |   0.000|
valB<25>    |    3.521(R)|   -1.668(R)|clk_BUFGP         |   0.000|
valB<26>    |    1.645(R)|   -0.132(R)|clk_BUFGP         |   0.000|
valB<27>    |    1.951(R)|   -0.377(R)|clk_BUFGP         |   0.000|
valB<28>    |    4.523(R)|   -2.479(R)|clk_BUFGP         |   0.000|
valB<29>    |    3.857(R)|   -1.946(R)|clk_BUFGP         |   0.000|
valB<30>    |    1.612(R)|   -0.104(R)|clk_BUFGP         |   0.000|
valB<31>    |    1.835(R)|   -0.282(R)|clk_BUFGP         |   0.000|
valB<32>    |    2.577(R)|   -0.918(R)|clk_BUFGP         |   0.000|
valB<33>    |    3.074(R)|   -1.315(R)|clk_BUFGP         |   0.000|
valB<34>    |    3.590(R)|   -1.724(R)|clk_BUFGP         |   0.000|
valB<35>    |    3.415(R)|   -1.584(R)|clk_BUFGP         |   0.000|
valB<36>    |    2.144(R)|   -0.537(R)|clk_BUFGP         |   0.000|
valB<37>    |    1.726(R)|   -0.203(R)|clk_BUFGP         |   0.000|
valB<38>    |    2.784(R)|   -1.069(R)|clk_BUFGP         |   0.000|
valB<39>    |    2.080(R)|   -0.505(R)|clk_BUFGP         |   0.000|
valB<40>    |    1.960(R)|   -0.403(R)|clk_BUFGP         |   0.000|
valB<41>    |    1.965(R)|   -0.407(R)|clk_BUFGP         |   0.000|
valB<42>    |    2.559(R)|   -0.887(R)|clk_BUFGP         |   0.000|
valB<43>    |    2.545(R)|   -0.876(R)|clk_BUFGP         |   0.000|
valB<44>    |    2.758(R)|   -1.056(R)|clk_BUFGP         |   0.000|
valB<45>    |    2.133(R)|   -0.556(R)|clk_BUFGP         |   0.000|
valB<46>    |    2.965(R)|   -1.224(R)|clk_BUFGP         |   0.000|
valB<47>    |    2.555(R)|   -0.896(R)|clk_BUFGP         |   0.000|
valB<48>    |    2.167(R)|   -0.563(R)|clk_BUFGP         |   0.000|
valB<49>    |    1.611(R)|   -0.118(R)|clk_BUFGP         |   0.000|
valB<50>    |    1.706(R)|   -0.199(R)|clk_BUFGP         |   0.000|
valB<51>    |    1.967(R)|   -0.407(R)|clk_BUFGP         |   0.000|
valB<52>    |    1.585(R)|   -0.091(R)|clk_BUFGP         |   0.000|
valB<53>    |    1.504(R)|   -0.026(R)|clk_BUFGP         |   0.000|
valB<54>    |    1.555(R)|   -0.066(R)|clk_BUFGP         |   0.000|
valB<55>    |    1.997(R)|   -0.420(R)|clk_BUFGP         |   0.000|
valB<56>    |    1.967(R)|   -0.415(R)|clk_BUFGP         |   0.000|
valB<57>    |    1.869(R)|   -0.336(R)|clk_BUFGP         |   0.000|
valB<58>    |    2.503(R)|   -0.841(R)|clk_BUFGP         |   0.000|
valB<59>    |    0.615(R)|    0.670(R)|clk_BUFGP         |   0.000|
valB<60>    |    0.974(R)|    0.382(R)|clk_BUFGP         |   0.000|
valB<61>    |    1.998(R)|   -0.437(R)|clk_BUFGP         |   0.000|
valB<62>    |    1.966(R)|   -0.403(R)|clk_BUFGP         |   0.000|
valB<63>    |    2.293(R)|   -0.665(R)|clk_BUFGP         |   0.000|
valC<0>     |    0.279(R)|    0.942(R)|clk_BUFGP         |   0.000|
valC<1>     |    0.511(R)|    0.756(R)|clk_BUFGP         |   0.000|
valC<2>     |    0.139(R)|    1.053(R)|clk_BUFGP         |   0.000|
valC<3>     |    1.564(R)|    0.217(R)|clk_BUFGP         |   0.000|
valC<4>     |   -0.215(R)|    1.361(R)|clk_BUFGP         |   0.000|
valC<5>     |   -0.123(R)|    1.287(R)|clk_BUFGP         |   0.000|
valC<6>     |    0.326(R)|    0.907(R)|clk_BUFGP         |   0.000|
valC<7>     |   -0.024(R)|    1.186(R)|clk_BUFGP         |   0.000|
valC<8>     |   -0.327(R)|    1.425(R)|clk_BUFGP         |   0.000|
valC<9>     |    0.297(R)|    0.926(R)|clk_BUFGP         |   0.000|
valC<10>    |    0.915(R)|    0.458(R)|clk_BUFGP         |   0.000|
valC<11>    |    0.613(R)|    0.699(R)|clk_BUFGP         |   0.000|
valC<12>    |    0.271(R)|    0.954(R)|clk_BUFGP         |   0.000|
valC<13>    |   -0.352(R)|    1.453(R)|clk_BUFGP         |   0.000|
valC<14>    |   -0.136(R)|    1.291(R)|clk_BUFGP         |   0.000|
valC<15>    |    0.214(R)|    1.011(R)|clk_BUFGP         |   0.000|
valC<16>    |    0.057(R)|    1.130(R)|clk_BUFGP         |   0.000|
valC<17>    |    0.129(R)|    1.073(R)|clk_BUFGP         |   0.000|
valC<18>    |    0.316(R)|    0.839(R)|clk_BUFGP         |   0.000|
valC<19>    |   -0.132(R)|    1.198(R)|clk_BUFGP         |   0.000|
valC<20>    |    0.084(R)|    1.025(R)|clk_BUFGP         |   0.000|
valC<21>    |   -0.082(R)|    1.158(R)|clk_BUFGP         |   0.000|
valC<22>    |    2.142(R)|   -0.555(R)|clk_BUFGP         |   0.000|
valC<23>    |    1.959(R)|   -0.409(R)|clk_BUFGP         |   0.000|
valC<24>    |    1.725(R)|   -0.305(R)|clk_BUFGP         |   0.000|
valC<25>    |    2.154(R)|   -0.648(R)|clk_BUFGP         |   0.000|
valC<26>    |    1.748(R)|   -0.332(R)|clk_BUFGP         |   0.000|
valC<27>    |    1.700(R)|   -0.293(R)|clk_BUFGP         |   0.000|
valC<28>    |    2.324(R)|   -0.801(R)|clk_BUFGP         |   0.000|
valC<29>    |    1.266(R)|    0.045(R)|clk_BUFGP         |   0.000|
valC<30>    |    2.961(R)|   -1.228(R)|clk_BUFGP         |   0.000|
valC<31>    |    1.875(R)|   -0.359(R)|clk_BUFGP         |   0.000|
valC<32>    |    1.255(R)|    0.048(R)|clk_BUFGP         |   0.000|
valC<33>    |    1.765(R)|   -0.360(R)|clk_BUFGP         |   0.000|
valC<34>    |    1.777(R)|   -0.336(R)|clk_BUFGP         |   0.000|
valC<35>    |    0.325(R)|    0.826(R)|clk_BUFGP         |   0.000|
valC<36>    |   -0.026(R)|    1.099(R)|clk_BUFGP         |   0.000|
valC<37>    |    0.079(R)|    1.015(R)|clk_BUFGP         |   0.000|
valC<38>    |    0.975(R)|    0.306(R)|clk_BUFGP         |   0.000|
valC<39>    |    1.852(R)|   -0.397(R)|clk_BUFGP         |   0.000|
valC<40>    |    1.008(R)|    0.292(R)|clk_BUFGP         |   0.000|
valC<41>    |    1.286(R)|    0.070(R)|clk_BUFGP         |   0.000|
valC<42>    |    1.256(R)|    0.087(R)|clk_BUFGP         |   0.000|
valC<43>    |    0.623(R)|    0.594(R)|clk_BUFGP         |   0.000|
valC<44>    |    1.676(R)|   -0.264(R)|clk_BUFGP         |   0.000|
valC<45>    |    1.487(R)|   -0.114(R)|clk_BUFGP         |   0.000|
valC<46>    |    0.979(R)|    0.356(R)|clk_BUFGP         |   0.000|
valC<47>    |    1.289(R)|    0.109(R)|clk_BUFGP         |   0.000|
valC<48>    |    1.345(R)|    0.038(R)|clk_BUFGP         |   0.000|
valC<49>    |    0.925(R)|    0.374(R)|clk_BUFGP         |   0.000|
valC<50>    |    0.869(R)|    0.417(R)|clk_BUFGP         |   0.000|
valC<51>    |    1.030(R)|    0.288(R)|clk_BUFGP         |   0.000|
valC<52>    |   -0.122(R)|    1.212(R)|clk_BUFGP         |   0.000|
valC<53>    |    0.329(R)|    0.851(R)|clk_BUFGP         |   0.000|
valC<54>    |    1.113(R)|    0.244(R)|clk_BUFGP         |   0.000|
valC<55>    |    2.392(R)|   -0.779(R)|clk_BUFGP         |   0.000|
valC<56>    |    0.849(R)|    0.486(R)|clk_BUFGP         |   0.000|
valC<57>    |    0.836(R)|    0.496(R)|clk_BUFGP         |   0.000|
valC<58>    |    1.229(R)|    0.193(R)|clk_BUFGP         |   0.000|
valC<59>    |    0.872(R)|    0.479(R)|clk_BUFGP         |   0.000|
valC<60>    |    0.853(R)|    0.499(R)|clk_BUFGP         |   0.000|
valC<61>    |    1.185(R)|    0.233(R)|clk_BUFGP         |   0.000|
valC<62>    |    1.699(R)|   -0.195(R)|clk_BUFGP         |   0.000|
valC<63>    |    1.090(R)|    0.293(R)|clk_BUFGP         |   0.000|
------------+------------+------------+------------------+--------+

Clock clk to Pad
------------+------------+------------------+--------+
            | clk (edge) |                  | Clock  |
Destination |   to PAD   |Internal Clock(s) | Phase  |
------------+------------+------------------+--------+
valE<0>     |    9.955(R)|clk_BUFGP         |   0.000|
valE<1>     |   11.132(R)|clk_BUFGP         |   0.000|
valE<2>     |   10.168(R)|clk_BUFGP         |   0.000|
valE<3>     |    9.841(R)|clk_BUFGP         |   0.000|
valE<4>     |   10.148(R)|clk_BUFGP         |   0.000|
valE<5>     |    9.892(R)|clk_BUFGP         |   0.000|
valE<6>     |    9.977(R)|clk_BUFGP         |   0.000|
valE<7>     |    9.945(R)|clk_BUFGP         |   0.000|
valE<8>     |    9.872(R)|clk_BUFGP         |   0.000|
valE<9>     |   11.327(R)|clk_BUFGP         |   0.000|
valE<10>    |   10.133(R)|clk_BUFGP         |   0.000|
valE<11>    |   10.187(R)|clk_BUFGP         |   0.000|
valE<12>    |   10.086(R)|clk_BUFGP         |   0.000|
valE<13>    |   10.204(R)|clk_BUFGP         |   0.000|
valE<14>    |   10.048(R)|clk_BUFGP         |   0.000|
valE<15>    |    9.607(R)|clk_BUFGP         |   0.000|
valE<16>    |    9.559(R)|clk_BUFGP         |   0.000|
valE<17>    |   10.144(R)|clk_BUFGP         |   0.000|
valE<18>    |    9.518(R)|clk_BUFGP         |   0.000|
valE<19>    |   11.558(R)|clk_BUFGP         |   0.000|
valE<20>    |   10.732(R)|clk_BUFGP         |   0.000|
valE<21>    |   10.694(R)|clk_BUFGP         |   0.000|
valE<22>    |   10.183(R)|clk_BUFGP         |   0.000|
valE<23>    |   10.231(R)|clk_BUFGP         |   0.000|
valE<24>    |   10.355(R)|clk_BUFGP         |   0.000|
valE<25>    |   10.084(R)|clk_BUFGP         |   0.000|
valE<26>    |    9.847(R)|clk_BUFGP         |   0.000|
valE<27>    |    9.815(R)|clk_BUFGP         |   0.000|
valE<28>    |    9.886(R)|clk_BUFGP         |   0.000|
valE<29>    |    9.853(R)|clk_BUFGP         |   0.000|
valE<30>    |   10.257(R)|clk_BUFGP         |   0.000|
valE<31>    |   10.079(R)|clk_BUFGP         |   0.000|
valE<32>    |   10.608(R)|clk_BUFGP         |   0.000|
valE<33>    |    9.926(R)|clk_BUFGP         |   0.000|
valE<34>    |   10.948(R)|clk_BUFGP         |   0.000|
valE<35>    |   10.445(R)|clk_BUFGP         |   0.000|
valE<36>    |   10.298(R)|clk_BUFGP         |   0.000|
valE<37>    |    9.958(R)|clk_BUFGP         |   0.000|
valE<38>    |   12.368(R)|clk_BUFGP         |   0.000|
valE<39>    |   12.849(R)|clk_BUFGP         |   0.000|
valE<40>    |   10.512(R)|clk_BUFGP         |   0.000|
valE<41>    |   10.027(R)|clk_BUFGP         |   0.000|
valE<42>    |   10.328(R)|clk_BUFGP         |   0.000|
valE<43>    |   10.329(R)|clk_BUFGP         |   0.000|
valE<44>    |   10.308(R)|clk_BUFGP         |   0.000|
valE<45>    |   10.308(R)|clk_BUFGP         |   0.000|
valE<46>    |   10.255(R)|clk_BUFGP         |   0.000|
valE<47>    |   10.552(R)|clk_BUFGP         |   0.000|
valE<48>    |   10.353(R)|clk_BUFGP         |   0.000|
valE<49>    |   10.352(R)|clk_BUFGP         |   0.000|
valE<50>    |   10.310(R)|clk_BUFGP         |   0.000|
valE<51>    |   10.310(R)|clk_BUFGP         |   0.000|
valE<52>    |   13.030(R)|clk_BUFGP         |   0.000|
valE<53>    |   12.688(R)|clk_BUFGP         |   0.000|
valE<54>    |   13.710(R)|clk_BUFGP         |   0.000|
valE<55>    |   13.849(R)|clk_BUFGP         |   0.000|
valE<56>    |   13.450(R)|clk_BUFGP         |   0.000|
valE<57>    |   13.426(R)|clk_BUFGP         |   0.000|
valE<58>    |   10.200(R)|clk_BUFGP         |   0.000|
valE<59>    |    9.895(R)|clk_BUFGP         |   0.000|
valE<60>    |   15.258(R)|clk_BUFGP         |   0.000|
valE<61>    |   14.434(R)|clk_BUFGP         |   0.000|
valE<62>    |   10.336(R)|clk_BUFGP         |   0.000|
valE<63>    |   10.207(R)|clk_BUFGP         |   0.000|
------------+------------+------------------+--------+

Clock to Setup on destination clock clk
---------------+---------+---------+---------+---------+
               | Src:Rise| Src:Fall| Src:Rise| Src:Fall|
Source Clock   |Dest:Rise|Dest:Rise|Dest:Fall|Dest:Fall|
---------------+---------+---------+---------+---------+
clk            |    5.672|         |         |         |
---------------+---------+---------+---------+---------+


Analysis completed Sun Apr 17 12:20:24 2022 
--------------------------------------------------------------------------------

Trace Settings:
-------------------------
Trace Settings 

Peak Memory Usage: 189 MB



