Release 14.7 Map P.20131013 (nt)
Xilinx Mapping Report File for Design 'SEQ_CPU'

Design Information
------------------
Command Line   : map -intstyle ise -p xc3s50a-tq144-5 -cm area -ir off -pr off
-c 100 -o SEQ_CPU_map.ncd SEQ_CPU.ngd SEQ_CPU.pcf 
Target Device  : xc3s50a
Target Package : tq144
Target Speed   : -5
Mapper Version : spartan3a -- $Revision: 1.55 $
Mapped Date    : Tue Apr 26 20:15:05 2022

Design Summary
--------------
Number of errors   :   2
Number of warnings :   0

Section 1 - Errors
------------------
ERROR:Map:116 - The design is empty.  No processing will be done.
ERROR:Map:52 - Problem encountered processing RPMs. 

Section 2 - Warnings
--------------------

Section 3 - Informational
-------------------------
